Using pre-set license
Built from '2021.3/staging' branch; Version is '2021.3.4f1 (cb45f9cae8b7) revision 13321721'; Using compiler version '192829333'; Build Type 'Release'
OS: 'Windows 10  (10.0.19044) 64bit Professional' Language: 'en' Physical Memory: 16179 MB
BatchMode: 1, IsHumanControllingUs: 0, StartBugReporterOnCrash: 0, Is64bit: 1, IsPro: 1

COMMAND LINE ARGUMENTS:
C:\Program Files\Unity\Hub\Editor\2021.3.4f1\Editor\Unity.exe
-adb2
-batchMode
-noUpm
-name
AssetImportWorker0
-projectPath
D:/GitHub/BossRoom
-logFile
Logs/AssetImportWorker0.log
-srvPort
57038
Successfully changed project path to: D:/GitHub/BossRoom
D:/GitHub/BossRoom
[UnityMemory] Configuration Parameters - Can be set up in boot.config
    "memorysetup-bucket-allocator-granularity=16"
    "memorysetup-bucket-allocator-bucket-count=8"
    "memorysetup-bucket-allocator-block-size=33554432"
    "memorysetup-bucket-allocator-block-count=8"
    "memorysetup-main-allocator-block-size=16777216"
    "memorysetup-thread-allocator-block-size=16777216"
    "memorysetup-gfx-main-allocator-block-size=16777216"
    "memorysetup-gfx-thread-allocator-block-size=16777216"
    "memorysetup-cache-allocator-block-size=4194304"
    "memorysetup-typetree-allocator-block-size=2097152"
    "memorysetup-profiler-bucket-allocator-granularity=16"
    "memorysetup-profiler-bucket-allocator-bucket-count=8"
    "memorysetup-profiler-bucket-allocator-block-size=33554432"
    "memorysetup-profiler-bucket-allocator-block-count=8"
    "memorysetup-profiler-allocator-block-size=16777216"
    "memorysetup-profiler-editor-allocator-block-size=1048576"
    "memorysetup-temp-allocator-size-main=16777216"
    "memorysetup-job-temp-allocator-block-size=2097152"
    "memorysetup-job-temp-allocator-block-size-background=1048576"
    "memorysetup-job-temp-allocator-reduction-small-platforms=262144"
    "memorysetup-temp-allocator-size-background-worker=32768"
    "memorysetup-temp-allocator-size-job-worker=262144"
    "memorysetup-temp-allocator-size-preload-manager=33554432"
    "memorysetup-temp-allocator-size-nav-mesh-worker=65536"
    "memorysetup-temp-allocator-size-audio-worker=65536"
    "memorysetup-temp-allocator-size-cloud-worker=32768"
    "memorysetup-temp-allocator-size-gi-baking-worker=262144"
    "memorysetup-temp-allocator-size-gfx=262144"
Refreshing native plugins compatible for Editor in 97.09 ms, found 2 plugins.
Preloading 0 native plugins for Editor in 0.00 ms.
Initialize engine version: 2021.3.4f1 (cb45f9cae8b7)
[Subsystems] Discovering subsystems at path C:/Program Files/Unity/Hub/Editor/2021.3.4f1/Editor/Data/Resources/UnitySubsystems
[Subsystems] Discovering subsystems at path D:/GitHub/BossRoom/Assets
GfxDevice: creating device client; threaded=0; jobified=0
Direct3D:
    Version:  Direct3D 11.0 [level 11.1]
    Renderer: NVIDIA GeForce RTX 3050 Ti Laptop GPU (ID=0x2523)
    Vendor:   NVIDIA
    VRAM:     3990 MB
    Driver:   31.0.15.1640
Initialize mono
Mono path[0] = 'C:/Program Files/Unity/Hub/Editor/2021.3.4f1/Editor/Data/Managed'
Mono path[1] = 'C:/Program Files/Unity/Hub/Editor/2021.3.4f1/Editor/Data/MonoBleedingEdge/lib/mono/unityjit-win32'
Mono config path = 'C:/Program Files/Unity/Hub/Editor/2021.3.4f1/Editor/Data/MonoBleedingEdge/etc'
Using monoOptions --debugger-agent=transport=dt_socket,embedding=1,server=y,suspend=n,address=127.0.0.1:56048
Begin MonoManager ReloadAssembly
Registering precompiled unity dll's ...
Register platform support module: C:/Program Files/Unity/Hub/Editor/2021.3.4f1/Editor/Data/PlaybackEngines/WebGLSupport/UnityEditor.WebGL.Extensions.dll
Register platform support module: C:/Program Files/Unity/Hub/Editor/2021.3.4f1/Editor/Data/PlaybackEngines/AndroidPlayer/UnityEditor.Android.Extensions.dll
Register platform support module: C:/Program Files/Unity/Hub/Editor/2021.3.4f1/Editor/Data/PlaybackEngines/iOSSupport/UnityEditor.iOS.Extensions.dll
Register platform support module: C:/Program Files/Unity/Hub/Editor/2021.3.4f1/Editor/Data/PlaybackEngines/WindowsStandaloneSupport/UnityEditor.WindowsStandalone.Extensions.dll
Register platform support module: C:/Program Files/Unity/Hub/Editor/2021.3.4f1/Editor/Data/PlaybackEngines/MetroSupport/UnityEditor.UWP.Extensions.dll
Registered in 0.012320 seconds.
Native extension for UWP target not found
Native extension for WindowsStandalone target not found
[usbmuxd] Start listen thread
[usbmuxd] Listen thread started
Native extension for iOS target not found
Native extension for Android target not found
Native extension for WebGL target not found
Refreshing native plugins compatible for Editor in 89.37 ms, found 2 plugins.
Preloading 0 native plugins for Editor in 0.00 ms.
Mono: successfully reloaded assembly
- Completed reload, in  0.716 seconds
Domain Reload Profiling:
	ReloadAssembly (717ms)
		BeginReloadAssembly (73ms)
			ExecutionOrderSort (0ms)
			DisableScriptedObjects (0ms)
			BackupInstance (0ms)
			ReleaseScriptingObjects (0ms)
			CreateAndSetChildDomain (1ms)
		EndReloadAssembly (511ms)
			LoadAssemblies (71ms)
			RebuildTransferFunctionScriptingTraits (0ms)
			SetupTypeCache (119ms)
			ReleaseScriptCaches (0ms)
			RebuildScriptCaches (28ms)
			SetupLoadedEditorAssemblies (302ms)
				LogAssemblyErrors (0ms)
				InitializePlatformSupportModulesInManaged (52ms)
				SetLoadedEditorAssemblies (0ms)
				RefreshPlugins (89ms)
				BeforeProcessingInitializeOnLoad (2ms)
				ProcessInitializeOnLoadAttributes (113ms)
				ProcessInitializeOnLoadMethodAttributes (46ms)
				AfterProcessingInitializeOnLoad (0ms)
				EditorAssembliesLoaded (0ms)
			ExecutionOrderSort2 (0ms)
			AwakeInstancesAfterBackupRestoration (0ms)
Platform modules already initialized, skipping
Registering precompiled user dll's ...
Registered in 0.006784 seconds.
Begin MonoManager ReloadAssembly
Native extension for UWP target not found
Native extension for WindowsStandalone target not found
Native extension for iOS target not found
Native extension for Android target not found
Native extension for WebGL target not found
Refreshing native plugins compatible for Editor in 88.73 ms, found 2 plugins.
Preloading 0 native plugins for Editor in 0.00 ms.
Mono: successfully reloaded assembly
- Completed reload, in  1.562 seconds
Domain Reload Profiling:
	ReloadAssembly (1563ms)
		BeginReloadAssembly (140ms)
			ExecutionOrderSort (0ms)
			DisableScriptedObjects (7ms)
			BackupInstance (0ms)
			ReleaseScriptingObjects (0ms)
			CreateAndSetChildDomain (25ms)
		EndReloadAssembly (1258ms)
			LoadAssemblies (127ms)
			RebuildTransferFunctionScriptingTraits (0ms)
			SetupTypeCache (307ms)
			ReleaseScriptCaches (1ms)
			RebuildScriptCaches (92ms)
			SetupLoadedEditorAssemblies (702ms)
				LogAssemblyErrors (0ms)
				InitializePlatformSupportModulesInManaged (31ms)
				SetLoadedEditorAssemblies (0ms)
				RefreshPlugins (89ms)
				BeforeProcessingInitializeOnLoad (153ms)
				ProcessInitializeOnLoadAttributes (321ms)
				ProcessInitializeOnLoadMethodAttributes (101ms)
				AfterProcessingInitializeOnLoad (7ms)
				EditorAssembliesLoaded (0ms)
			ExecutionOrderSort2 (0ms)
			AwakeInstancesAfterBackupRestoration (5ms)
Platform modules already initialized, skipping
========================================================================
Worker process is ready to serve import requests
Launched and connected shader compiler UnityShaderCompiler.exe after 0.82 seconds
Refreshing native plugins compatible for Editor in 1.00 ms, found 2 plugins.
Preloading 0 native plugins for Editor in 0.00 ms.
Unloading 5378 Unused Serialized files (Serialized files now loaded: 0)
Unloading 61 unused Assets / (2.0 MB). Loaded Objects now: 5821.
Memory consumption went from 231.6 MB to 229.6 MB.
Total: 4.229900 ms (FindLiveObjects: 0.479300 ms CreateObjectMapping: 0.288800 ms MarkObjects: 2.876000 ms  DeleteObjects: 0.584800 ms)

AssetImportParameters requested are different than current active one (requested -> active):
  custom:video-decoder-ogg-theora: a1e56fd34408186e4bbccfd4996cb3dc -> 
  custom:container-muxer-webm: aa71ff27fc2769a1b78a27578f13a17b -> 
  custom:container-demuxer-webm: 4f35f7cbe854078d1ac9338744f61a02 -> 
  custom:video-encoder-webm-vp8: eb34c28f22e8b96e1ab97ce403110664 -> 
  custom:audio-encoder-webm-vorbis: bf7c407c2cedff20999df2af8eb42d56 -> 
  custom:framework-win-MediaFoundation: 216162199b28c13a410421893ffa2e32 -> 
  custom:container-demuxer-ogg: 62fdf1f143b41e24485cea50d1cbac27 -> 
  custom:video-decoder-webm-vp8: 9c59270c3fd7afecdb556c50c9e8de78 -> 
  custom:audio-decoder-ogg-vorbis: bf7c407c2cedff20999df2af8eb42d56 -> 
========================================================================
Received Import Request.
  Time since last request: 19097.050144 seconds.
  path: Assets/BossRoom/Prefabs/Character/Character.prefab
  artifactKey: Guid(0d2d836e2e83b754fa1a1c4022d6d65d) Importer(815301076,1909f56bfc062723c751e8b465ee728b)
Start importing Assets/BossRoom/Prefabs/Character/Character.prefab using Guid(0d2d836e2e83b754fa1a1c4022d6d65d) Importer(815301076,1909f56bfc062723c751e8b465ee728b)  -> (artifact id: 'e4aa73959ddc2bbdeb5be46d0bbb6ded') in 0.071606 seconds 
========================================================================
Received Import Request.
  Time since last request: 271.332820 seconds.
  path: Assets/BossRoom/Scripts/Server/Game/Character/AIBrain.cs
  artifactKey: Guid(25fa6461eb4b4fc4e8ec96487989fb8b) Importer(815301076,1909f56bfc062723c751e8b465ee728b)
Start importing Assets/BossRoom/Scripts/Server/Game/Character/AIBrain.cs using Guid(25fa6461eb4b4fc4e8ec96487989fb8b) Importer(815301076,1909f56bfc062723c751e8b465ee728b)  -> (artifact id: '86c87e5defea493690e2479910586864') in 0.008415 seconds 
========================================================================
Received Import Request.
  Time since last request: 283.644280 seconds.
  path: Assets/BossRoom/Scripts/Server/Game/Entity/ServerBreakableLogic.cs
  artifactKey: Guid(eb44a31731a459546bdf01f1af48173c) Importer(815301076,1909f56bfc062723c751e8b465ee728b)
Start importing Assets/BossRoom/Scripts/Server/Game/Entity/ServerBreakableLogic.cs using Guid(eb44a31731a459546bdf01f1af48173c) Importer(815301076,1909f56bfc062723c751e8b465ee728b)  -> (artifact id: 'f79e1340e4ea0f35add19475609927db') in 0.002514 seconds 
========================================================================
Received Import Request.
  Time since last request: 10.827016 seconds.
  path: Assets/BossRoom/Scripts/Server/Game/Entity/ServerEnemyPortal.cs
  artifactKey: Guid(9a7ed35fc071575449a96ece1cc1ae16) Importer(815301076,1909f56bfc062723c751e8b465ee728b)
Start importing Assets/BossRoom/Scripts/Server/Game/Entity/ServerEnemyPortal.cs using Guid(9a7ed35fc071575449a96ece1cc1ae16) Importer(815301076,1909f56bfc062723c751e8b465ee728b)  -> (artifact id: '94402f3a30cd23a2e0640f0435f44c53') in 0.002687 seconds 
========================================================================
Received Import Request.
  Time since last request: 36.840303 seconds.
  path: Assets/BossRoom/Scripts/Server/Game/Entity/DamageReceiver.cs
  artifactKey: Guid(1da3998b52020a949af0999ab7ea2d14) Importer(815301076,1909f56bfc062723c751e8b465ee728b)
Start importing Assets/BossRoom/Scripts/Server/Game/Entity/DamageReceiver.cs using Guid(1da3998b52020a949af0999ab7ea2d14) Importer(815301076,1909f56bfc062723c751e8b465ee728b)  -> (artifact id: '68747d96d61e8b032f754f9c8e63bf08') in 0.002429 seconds 
========================================================================
Received Import Request.
  Time since last request: 25.771705 seconds.
  path: Assets/BossRoom/Scripts/Client/ClientClickFeedback.cs
  artifactKey: Guid(119ee2e9b25694aa9b2f80b9a3d22c6e) Importer(815301076,1909f56bfc062723c751e8b465ee728b)
Start importing Assets/BossRoom/Scripts/Client/ClientClickFeedback.cs using Guid(119ee2e9b25694aa9b2f80b9a3d22c6e) Importer(815301076,1909f56bfc062723c751e8b465ee728b)  -> (artifact id: '220e5c5e4c3cc7a97f51516d74e4a7d5') in 0.002162 seconds 
========================================================================
Received Import Request.
  Time since last request: 17.807368 seconds.
  path: Assets/BossRoom/Scripts/Client/Game
  artifactKey: Guid(96e5af1f6fcbe144a99396d22b4f7dbf) Importer(815301076,1909f56bfc062723c751e8b465ee728b)
Start importing Assets/BossRoom/Scripts/Client/Game using Guid(96e5af1f6fcbe144a99396d22b4f7dbf) Importer(815301076,1909f56bfc062723c751e8b465ee728b)  -> (artifact id: '552bd18e5e6928d92cb71e7d58d51ba9') in 0.015307 seconds 
========================================================================
Received Import Request.
  Time since last request: 6.662041 seconds.
  path: Assets/BossRoom/Scripts/Client/Game/ClientPlayerAvatarRuntimeCollection.cs
  artifactKey: Guid(1c7b2c5bad82ad34698f9baabaaa2727) Importer(815301076,1909f56bfc062723c751e8b465ee728b)
Start importing Assets/BossRoom/Scripts/Client/Game/ClientPlayerAvatarRuntimeCollection.cs using Guid(1c7b2c5bad82ad34698f9baabaaa2727) Importer(815301076,1909f56bfc062723c751e8b465ee728b)  -> (artifact id: '5975e35d800ed60875cf07bb4d0e9ee0') in 0.002795 seconds 
========================================================================
Received Import Request.
  Time since last request: 4.627133 seconds.
  path: Assets/BossRoom/Scripts/Client/Game/FXProjectile.cs
  artifactKey: Guid(34fb4ec9454074340bb987821781da39) Importer(815301076,1909f56bfc062723c751e8b465ee728b)
Start importing Assets/BossRoom/Scripts/Client/Game/FXProjectile.cs using Guid(34fb4ec9454074340bb987821781da39) Importer(815301076,1909f56bfc062723c751e8b465ee728b)  -> (artifact id: '13eb62afdc3c1043374b14f469e9926a') in 0.002259 seconds 
========================================================================
Received Import Request.
  Time since last request: 3.714602 seconds.
  path: Assets/BossRoom/Scripts/Client/Game/EnableOrDisableColliderOnAwake.cs
  artifactKey: Guid(8ee75574922a1ab448c29249c9d11e2f) Importer(815301076,1909f56bfc062723c751e8b465ee728b)
Start importing Assets/BossRoom/Scripts/Client/Game/EnableOrDisableColliderOnAwake.cs using Guid(8ee75574922a1ab448c29249c9d11e2f) Importer(815301076,1909f56bfc062723c751e8b465ee728b)  -> (artifact id: '3932c1e7929a7ac0c406b7f92275ddb5') in 0.002235 seconds 
========================================================================
Received Import Request.
  Time since last request: 8.668177 seconds.
  path: Assets/BossRoom/Scripts/Client/Game/Utils
  artifactKey: Guid(333b1c4051e982c4bb4bcfa83d2eb953) Importer(815301076,1909f56bfc062723c751e8b465ee728b)
Start importing Assets/BossRoom/Scripts/Client/Game/Utils using Guid(333b1c4051e982c4bb4bcfa83d2eb953) Importer(815301076,1909f56bfc062723c751e8b465ee728b)  -> (artifact id: 'abe36aaf2bd8dafe7454c61cd872a8e3') in 0.004080 seconds 
========================================================================
Received Import Request.
  Time since last request: 6.911853 seconds.
  path: Assets/BossRoom/Scripts/Client/Game/Entity/ClientBreakableVisualization.cs
  artifactKey: Guid(53ee998b78e989840b42284bf1b455ad) Importer(815301076,1909f56bfc062723c751e8b465ee728b)
Start importing Assets/BossRoom/Scripts/Client/Game/Entity/ClientBreakableVisualization.cs using Guid(53ee998b78e989840b42284bf1b455ad) Importer(815301076,1909f56bfc062723c751e8b465ee728b)  -> (artifact id: '083f56eb0f8e36487b8b08832f3dffc9') in 0.003158 seconds 
